DEBUG   |171030 15:19:00|Fetching filter data from database
DEBUG   |171030 15:19:00|Loading filters
DEBUG   |171030 15:19:00|-- Loading filter Directories
DEBUG   |171030 15:19:00|-- Loading filter Extradirs
DEBUG   |171030 15:19:00|-- Loading filter Files
DEBUG   |171030 15:19:00|-- Loading filter Incremental
DEBUG   |171030 15:19:00|-- Loading filter Multidb
DEBUG   |171030 15:19:00|-- Loading filter Regexdirectories
DEBUG   |171030 15:19:00|-- Loading filter Regexfiles
DEBUG   |171030 15:19:00|-- Loading filter Regexskipdirs
DEBUG   |171030 15:19:00|-- Loading filter Regexskipfiles
DEBUG   |171030 15:19:00|-- Loading filter Regextabledata
DEBUG   |171030 15:19:00|-- Loading filter Regextables
DEBUG   |171030 15:19:00|-- Loading filter Skipdirs
DEBUG   |171030 15:19:00|-- Loading filter Skipfiles
DEBUG   |171030 15:19:00|-- Loading filter Tabledata
DEBUG   |171030 15:19:00|-- Loading filter Tables
DEBUG   |171030 15:19:00|-- Loading filter Cvsfolders
DEBUG   |171030 15:19:00|-- Loading filter Excludefiles
DEBUG   |171030 15:19:00|-- Loading filter Excludefolders
DEBUG   |171030 15:19:00|-- Loading filter Excludetabledata
DEBUG   |171030 15:19:00|-- Loading filter Joomlaskipdirs
DEBUG   |171030 15:19:00|-- Loading filter Joomlaskipfiles
DEBUG   |171030 15:19:00|-- Loading filter Libraries
DEBUG   |171030 15:19:00|-- Loading filter Sitedb
DEBUG   |171030 15:19:00|-- Loading filter Siteroot
DEBUG   |171030 15:19:00|-- Loading filter Systemcachefiles
DEBUG   |171030 15:19:00|Loading optional filters
DEBUG   |171030 15:19:00|-- Loading optional filter Stack\StackErrorlogs
DEBUG   |171030 15:19:00|-- Loading optional filter Stack\StackHoststats
DEBUG   |171030 15:19:00|-- Loading optional filter Stack\StackFinder
DEBUG   |171030 15:19:00|-- Loading optional filter Stack\StackMyjoomla
DEBUG   |171030 15:32:03|Fetching filter data from database
DEBUG   |171030 15:32:03|Loading filters
DEBUG   |171030 15:32:03|-- Loading filter Directories
DEBUG   |171030 15:32:03|-- Loading filter Extradirs
DEBUG   |171030 15:32:03|-- Loading filter Files
DEBUG   |171030 15:32:03|-- Loading filter Incremental
DEBUG   |171030 15:32:03|-- Loading filter Multidb
DEBUG   |171030 15:32:03|-- Loading filter Regexdirectories
DEBUG   |171030 15:32:03|-- Loading filter Regexfiles
DEBUG   |171030 15:32:03|-- Loading filter Regexskipdirs
DEBUG   |171030 15:32:03|-- Loading filter Regexskipfiles
DEBUG   |171030 15:32:03|-- Loading filter Regextabledata
DEBUG   |171030 15:32:03|-- Loading filter Regextables
DEBUG   |171030 15:32:03|-- Loading filter Skipdirs
DEBUG   |171030 15:32:03|-- Loading filter Skipfiles
DEBUG   |171030 15:32:03|-- Loading filter Tabledata
DEBUG   |171030 15:32:03|-- Loading filter Tables
DEBUG   |171030 15:32:03|-- Loading filter Cvsfolders
DEBUG   |171030 15:32:03|-- Loading filter Excludefiles
DEBUG   |171030 15:32:03|-- Loading filter Excludefolders
DEBUG   |171030 15:32:03|-- Loading filter Excludetabledata
DEBUG   |171030 15:32:03|-- Loading filter Joomlaskipdirs
DEBUG   |171030 15:32:03|-- Loading filter Joomlaskipfiles
DEBUG   |171030 15:32:03|-- Loading filter Libraries
DEBUG   |171030 15:32:03|-- Loading filter Sitedb
DEBUG   |171030 15:32:03|-- Loading filter Siteroot
DEBUG   |171030 15:32:03|-- Loading filter Systemcachefiles
DEBUG   |171030 15:32:03|Loading optional filters
DEBUG   |171030 15:32:03|-- Loading optional filter Stack\StackErrorlogs
DEBUG   |171030 15:32:03|-- Loading optional filter Stack\StackHoststats
DEBUG   |171030 15:32:03|-- Loading optional filter Stack\StackFinder
DEBUG   |171030 15:32:03|-- Loading optional filter Stack\StackMyjoomla
DEBUG   |171030 15:43:48|Fetching filter data from database
DEBUG   |171030 15:43:48|Loading filters
DEBUG   |171030 15:43:48|-- Loading filter Directories
DEBUG   |171030 15:43:48|-- Loading filter Extradirs
DEBUG   |171030 15:43:48|-- Loading filter Files
DEBUG   |171030 15:43:48|-- Loading filter Incremental
DEBUG   |171030 15:43:48|-- Loading filter Multidb
DEBUG   |171030 15:43:48|-- Loading filter Regexdirectories
DEBUG   |171030 15:43:48|-- Loading filter Regexfiles
DEBUG   |171030 15:43:48|-- Loading filter Regexskipdirs
DEBUG   |171030 15:43:48|-- Loading filter Regexskipfiles
DEBUG   |171030 15:43:48|-- Loading filter Regextabledata
DEBUG   |171030 15:43:48|-- Loading filter Regextables
DEBUG   |171030 15:43:48|-- Loading filter Skipdirs
DEBUG   |171030 15:43:48|-- Loading filter Skipfiles
DEBUG   |171030 15:43:48|-- Loading filter Tabledata
DEBUG   |171030 15:43:48|-- Loading filter Tables
DEBUG   |171030 15:43:48|-- Loading filter Cvsfolders
DEBUG   |171030 15:43:48|-- Loading filter Excludefiles
DEBUG   |171030 15:43:48|-- Loading filter Excludefolders
DEBUG   |171030 15:43:48|-- Loading filter Excludetabledata
DEBUG   |171030 15:43:48|-- Loading filter Joomlaskipdirs
DEBUG   |171030 15:43:48|-- Loading filter Joomlaskipfiles
DEBUG   |171030 15:43:48|-- Loading filter Libraries
DEBUG   |171030 15:43:48|-- Loading filter Sitedb
DEBUG   |171030 15:43:48|-- Loading filter Siteroot
DEBUG   |171030 15:43:48|-- Loading filter Systemcachefiles
DEBUG   |171030 15:43:48|Loading optional filters
DEBUG   |171030 15:43:48|-- Loading optional filter Stack\StackErrorlogs
DEBUG   |171030 15:43:48|-- Loading optional filter Stack\StackHoststats
DEBUG   |171030 15:43:48|-- Loading optional filter Stack\StackFinder
DEBUG   |171030 15:43:48|-- Loading optional filter Stack\StackMyjoomla
